c:\users\kseni\desktop\университет\фунда\gibdd_\x64\debug\vc143.pdb
c:\users\kseni\desktop\университет\фунда\gibdd_\x64\debug\.netframework,version=v4.7.2.assemblyattributes.obj
c:\users\kseni\desktop\университет\фунда\gibdd_\x64\debug\myform.obj
c:\users\kseni\desktop\университет\фунда\gibdd_\x64\debug\inspectors.obj
c:\users\kseni\desktop\университет\фунда\gibdd_\x64\debug\candidates.obj
c:\users\kseni\desktop\университет\фунда\gibdd_\x64\debug\rezults.obj
c:\users\kseni\desktop\университет\фунда\gibdd_\x64\debug\rezult_remove.obj
c:\users\kseni\desktop\университет\фунда\gibdd_\x64\debug\rezult_add.obj
c:\users\kseni\desktop\университет\фунда\gibdd_\x64\debug\otladka.obj
c:\users\kseni\desktop\университет\фунда\gibdd_\x64\debug\gibdd_.exe
c:\users\kseni\desktop\университет\фунда\gibdd_\x64\debug\gibdd_.pdb
c:\users\kseni\desktop\университет\фунда\gibdd_\x64\debug\gibdd_.exe.metagen
c:\users\kseni\desktop\университет\фунда\gibdd_\x64\debug\gibdd_.tlog\cl.command.1.tlog
c:\users\kseni\desktop\университет\фунда\gibdd_\x64\debug\gibdd_.tlog\cl.read.1.tlog
c:\users\kseni\desktop\университет\фунда\gibdd_\x64\debug\gibdd_.tlog\cl.write.1.tlog
c:\users\kseni\desktop\университет\фунда\gibdd_\x64\debug\gibdd_.tlog\link.11724-cvtres.read.1.tlog
c:\users\kseni\desktop\университет\фунда\gibdd_\x64\debug\gibdd_.tlog\link.11724-cvtres.write.1.tlog
c:\users\kseni\desktop\университет\фунда\gibdd_\x64\debug\gibdd_.tlog\link.11724-rc.read.1.tlog
c:\users\kseni\desktop\университет\фунда\gibdd_\x64\debug\gibdd_.tlog\link.11724-rc.write.1.tlog
c:\users\kseni\desktop\университет\фунда\gibdd_\x64\debug\gibdd_.tlog\link.11724.read.1.tlog
c:\users\kseni\desktop\университет\фунда\gibdd_\x64\debug\gibdd_.tlog\link.11724.read.2.tlog
c:\users\kseni\desktop\университет\фунда\gibdd_\x64\debug\gibdd_.tlog\link.11724.write.1.tlog
c:\users\kseni\desktop\университет\фунда\gibdd_\x64\debug\gibdd_.tlog\link.21344-cvtres.read.1.tlog
c:\users\kseni\desktop\университет\фунда\gibdd_\x64\debug\gibdd_.tlog\link.21344-cvtres.write.1.tlog
c:\users\kseni\desktop\университет\фунда\gibdd_\x64\debug\gibdd_.tlog\link.21344-rc.read.1.tlog
c:\users\kseni\desktop\университет\фунда\gibdd_\x64\debug\gibdd_.tlog\link.21344-rc.write.1.tlog
c:\users\kseni\desktop\университет\фунда\gibdd_\x64\debug\gibdd_.tlog\link.21344.read.1.tlog
c:\users\kseni\desktop\университет\фунда\gibdd_\x64\debug\gibdd_.tlog\link.21344.read.2.tlog
c:\users\kseni\desktop\университет\фунда\gibdd_\x64\debug\gibdd_.tlog\link.21344.write.1.tlog
c:\users\kseni\desktop\университет\фунда\gibdd_\x64\debug\gibdd_.tlog\link.command.1.tlog
c:\users\kseni\desktop\университет\фунда\gibdd_\x64\debug\gibdd_.tlog\link.read.1.tlog
c:\users\kseni\desktop\университет\фунда\gibdd_\x64\debug\gibdd_.tlog\link.read.2.tlog
c:\users\kseni\desktop\университет\фунда\gibdd_\x64\debug\gibdd_.tlog\link.write.1.tlog
c:\users\kseni\desktop\университет\фунда\gibdd_\x64\debug\gibdd_.tlog\metagen.read.1.tlog
c:\users\kseni\desktop\университет\фунда\gibdd_\x64\debug\gibdd_.tlog\metagen.write.1.tlog
c:\users\kseni\desktop\университет\фунда\gibdd_\x64\debug\gibdd_.tlog\resgen.command.1.tlog
c:\users\kseni\desktop\университет\фунда\gibdd_\x64\debug\gibdd_.tlog\resgen.read.1.tlog
c:\users\kseni\desktop\университет\фунда\gibdd_\x64\debug\gibdd_.tlog\resgen.write.1.tlog
